<?xml version="1.0" encoding="UTF-8"?>
<!-- Generated by org.testng.reporters.JUnitReportReporter -->
<testsuite hostname="LAPTOP-1N3TH4EI" failures="0" tests="3" name="TestRunner.CucumberTestRunnerForTags" time="0.151" errors="0" timestamp="2024-03-17T21:12:03 IST" skipped="0">
  <testcase classname="TestRunner.CucumberTestRunnerForTags" name="runScenario" time="0.012"/>
  <testcase classname="TestRunner.CucumberTestRunnerForTags" name="runScenario" time="0.015"/>
  <testcase classname="TestRunner.CucumberTestRunnerForTags" name="runScenario" time="0.124"/>
</testsuite> <!-- TestRunner.CucumberTestRunnerForTags -->
